running egg_info
writing ../../build/control_trayectoria/control_trayectoria.egg-info/PKG-INFO
writing dependency_links to ../../build/control_trayectoria/control_trayectoria.egg-info/dependency_links.txt
writing entry points to ../../build/control_trayectoria/control_trayectoria.egg-info/entry_points.txt
writing requirements to ../../build/control_trayectoria/control_trayectoria.egg-info/requires.txt
writing top-level names to ../../build/control_trayectoria/control_trayectoria.egg-info/top_level.txt
reading manifest file '../../build/control_trayectoria/control_trayectoria.egg-info/SOURCES.txt'
writing manifest file '../../build/control_trayectoria/control_trayectoria.egg-info/SOURCES.txt'
running build
running build_py
running install
running install_lib
creating /home/darhf/Manchester/challenge3/install/control_trayectoria/lib/python3.10/site-packages/control_trayectoria
copying /home/darhf/Manchester/challenge3/build/control_trayectoria/build/lib/control_trayectoria/__init__.py -> /home/darhf/Manchester/challenge3/install/control_trayectoria/lib/python3.10/site-packages/control_trayectoria
byte-compiling /home/darhf/Manchester/challenge3/install/control_trayectoria/lib/python3.10/site-packages/control_trayectoria/__init__.py to __init__.cpython-310.pyc
running install_data
running install_egg_info
Copying ../../build/control_trayectoria/control_trayectoria.egg-info to /home/darhf/Manchester/challenge3/install/control_trayectoria/lib/python3.10/site-packages/control_trayectoria-0.0.0-py3.10.egg-info
running install_scripts
writing list of installed files to '/home/darhf/Manchester/challenge3/build/control_trayectoria/install.log'
