[0.645s] Invoking command in '/home/darhf/Manchester/challenge3/src/control_trayectoria': PYTHONPATH=/home/darhf/Manchester/challenge3/build/control_trayectoria/prefix_override:/usr/lib/python3/dist-packages/colcon_core/task/python/colcon_distutils_commands:/home/darhf/Manchester/challenge3/install/control_trayectoria/lib/python3.10/site-packages:${PYTHONPATH} /usr/bin/python3 -W ignore:setup.py install is deprecated -W ignore:easy_install command is deprecated setup.py egg_info --egg-base ../../build/control_trayectoria build --build-base /home/darhf/Manchester/challenge3/build/control_trayectoria/build install --record /home/darhf/Manchester/challenge3/build/control_trayectoria/install.log --single-version-externally-managed install_data
[0.845s] running egg_info
[0.845s] writing ../../build/control_trayectoria/control_trayectoria.egg-info/PKG-INFO
[0.846s] writing dependency_links to ../../build/control_trayectoria/control_trayectoria.egg-info/dependency_links.txt
[0.846s] writing entry points to ../../build/control_trayectoria/control_trayectoria.egg-info/entry_points.txt
[0.846s] writing requirements to ../../build/control_trayectoria/control_trayectoria.egg-info/requires.txt
[0.846s] writing top-level names to ../../build/control_trayectoria/control_trayectoria.egg-info/top_level.txt
[0.847s] reading manifest file '../../build/control_trayectoria/control_trayectoria.egg-info/SOURCES.txt'
[0.848s] writing manifest file '../../build/control_trayectoria/control_trayectoria.egg-info/SOURCES.txt'
[0.848s] running build
[0.848s] running build_py
[0.849s] running install
[0.849s] running install_lib
[0.849s] creating /home/darhf/Manchester/challenge3/install/control_trayectoria/lib/python3.10/site-packages/control_trayectoria
[0.849s] copying /home/darhf/Manchester/challenge3/build/control_trayectoria/build/lib/control_trayectoria/__init__.py -> /home/darhf/Manchester/challenge3/install/control_trayectoria/lib/python3.10/site-packages/control_trayectoria
[0.850s] byte-compiling /home/darhf/Manchester/challenge3/install/control_trayectoria/lib/python3.10/site-packages/control_trayectoria/__init__.py to __init__.cpython-310.pyc
[0.850s] running install_data
[0.850s] running install_egg_info
[0.852s] Copying ../../build/control_trayectoria/control_trayectoria.egg-info to /home/darhf/Manchester/challenge3/install/control_trayectoria/lib/python3.10/site-packages/control_trayectoria-0.0.0-py3.10.egg-info
[0.853s] running install_scripts
[0.870s] writing list of installed files to '/home/darhf/Manchester/challenge3/build/control_trayectoria/install.log'
[0.899s] Invoked command in '/home/darhf/Manchester/challenge3/src/control_trayectoria' returned '0': PYTHONPATH=/home/darhf/Manchester/challenge3/build/control_trayectoria/prefix_override:/usr/lib/python3/dist-packages/colcon_core/task/python/colcon_distutils_commands:/home/darhf/Manchester/challenge3/install/control_trayectoria/lib/python3.10/site-packages:${PYTHONPATH} /usr/bin/python3 -W ignore:setup.py install is deprecated -W ignore:easy_install command is deprecated setup.py egg_info --egg-base ../../build/control_trayectoria build --build-base /home/darhf/Manchester/challenge3/build/control_trayectoria/build install --record /home/darhf/Manchester/challenge3/build/control_trayectoria/install.log --single-version-externally-managed install_data
