running egg_info
writing ../../build/control_trayectoria/control_trayectoria.egg-info/PKG-INFO
writing dependency_links to ../../build/control_trayectoria/control_trayectoria.egg-info/dependency_links.txt
writing entry points to ../../build/control_trayectoria/control_trayectoria.egg-info/entry_points.txt
writing requirements to ../../build/control_trayectoria/control_trayectoria.egg-info/requires.txt
writing top-level names to ../../build/control_trayectoria/control_trayectoria.egg-info/top_level.txt
reading manifest file '../../build/control_trayectoria/control_trayectoria.egg-info/SOURCES.txt'
writing manifest file '../../build/control_trayectoria/control_trayectoria.egg-info/SOURCES.txt'
running build
running build_py
copying control_trayectoria/pid_control.py -> /home/darhf/Manchester/challenge3/build/control_trayectoria/build/lib/control_trayectoria
running install
running install_lib
copying /home/darhf/Manchester/challenge3/build/control_trayectoria/build/lib/control_trayectoria/pid_control.py -> /home/darhf/Manchester/challenge3/install/control_trayectoria/lib/python3.10/site-packages/control_trayectoria
byte-compiling /home/darhf/Manchester/challenge3/install/control_trayectoria/lib/python3.10/site-packages/control_trayectoria/pid_control.py to pid_control.cpython-310.pyc
running install_data
creating /home/darhf/Manchester/challenge3/install/control_trayectoria/share/control_trayectoria/launch
copying launch/control.launch.py -> /home/darhf/Manchester/challenge3/install/control_trayectoria/share/control_trayectoria/launch
creating /home/darhf/Manchester/challenge3/install/control_trayectoria/share/control_trayectoria/config
copying config/params.yaml -> /home/darhf/Manchester/challenge3/install/control_trayectoria/share/control_trayectoria/config
copying package.xml -> /home/darhf/Manchester/challenge3/install/control_trayectoria/share/control_trayectoria
running install_egg_info
removing '/home/darhf/Manchester/challenge3/install/control_trayectoria/lib/python3.10/site-packages/control_trayectoria-0.0.0-py3.10.egg-info' (and everything under it)
Copying ../../build/control_trayectoria/control_trayectoria.egg-info to /home/darhf/Manchester/challenge3/install/control_trayectoria/lib/python3.10/site-packages/control_trayectoria-0.0.0-py3.10.egg-info
running install_scripts
Installing pid_control script to /home/darhf/Manchester/challenge3/install/control_trayectoria/lib/control_trayectoria
writing list of installed files to '/home/darhf/Manchester/challenge3/build/control_trayectoria/install.log'
