[0.664s] Invoking command in '/home/darhf/Manchester/challenge3/src/control_trayectoria': PYTHONPATH=/home/darhf/Manchester/challenge3/build/control_trayectoria/prefix_override:/usr/lib/python3/dist-packages/colcon_core/task/python/colcon_distutils_commands:/home/darhf/Manchester/challenge3/install/control_trayectoria/lib/python3.10/site-packages:${PYTHONPATH} /usr/bin/python3 -W ignore:setup.py install is deprecated -W ignore:easy_install command is deprecated setup.py egg_info --egg-base ../../build/control_trayectoria build --build-base /home/darhf/Manchester/challenge3/build/control_trayectoria/build install --record /home/darhf/Manchester/challenge3/build/control_trayectoria/install.log --single-version-externally-managed install_data
[0.889s] running egg_info
[0.889s] writing ../../build/control_trayectoria/control_trayectoria.egg-info/PKG-INFO
[0.889s] writing dependency_links to ../../build/control_trayectoria/control_trayectoria.egg-info/dependency_links.txt
[0.890s] writing entry points to ../../build/control_trayectoria/control_trayectoria.egg-info/entry_points.txt
[0.890s] writing requirements to ../../build/control_trayectoria/control_trayectoria.egg-info/requires.txt
[0.890s] writing top-level names to ../../build/control_trayectoria/control_trayectoria.egg-info/top_level.txt
[0.892s] reading manifest file '../../build/control_trayectoria/control_trayectoria.egg-info/SOURCES.txt'
[0.893s] writing manifest file '../../build/control_trayectoria/control_trayectoria.egg-info/SOURCES.txt'
[0.893s] running build
[0.893s] running build_py
[0.893s] copying control_trayectoria/pid_control.py -> /home/darhf/Manchester/challenge3/build/control_trayectoria/build/lib/control_trayectoria
[0.893s] running install
[0.894s] running install_lib
[0.895s] copying /home/darhf/Manchester/challenge3/build/control_trayectoria/build/lib/control_trayectoria/pid_control.py -> /home/darhf/Manchester/challenge3/install/control_trayectoria/lib/python3.10/site-packages/control_trayectoria
[0.895s] byte-compiling /home/darhf/Manchester/challenge3/install/control_trayectoria/lib/python3.10/site-packages/control_trayectoria/pid_control.py to pid_control.cpython-310.pyc
[0.896s] running install_data
[0.896s] running install_egg_info
[0.898s] removing '/home/darhf/Manchester/challenge3/install/control_trayectoria/lib/python3.10/site-packages/control_trayectoria-0.0.0-py3.10.egg-info' (and everything under it)
[0.898s] Copying ../../build/control_trayectoria/control_trayectoria.egg-info to /home/darhf/Manchester/challenge3/install/control_trayectoria/lib/python3.10/site-packages/control_trayectoria-0.0.0-py3.10.egg-info
[0.899s] running install_scripts
[0.919s] Installing pid_control script to /home/darhf/Manchester/challenge3/install/control_trayectoria/lib/control_trayectoria
[0.919s] writing list of installed files to '/home/darhf/Manchester/challenge3/build/control_trayectoria/install.log'
[0.973s] Invoked command in '/home/darhf/Manchester/challenge3/src/control_trayectoria' returned '0': PYTHONPATH=/home/darhf/Manchester/challenge3/build/control_trayectoria/prefix_override:/usr/lib/python3/dist-packages/colcon_core/task/python/colcon_distutils_commands:/home/darhf/Manchester/challenge3/install/control_trayectoria/lib/python3.10/site-packages:${PYTHONPATH} /usr/bin/python3 -W ignore:setup.py install is deprecated -W ignore:easy_install command is deprecated setup.py egg_info --egg-base ../../build/control_trayectoria build --build-base /home/darhf/Manchester/challenge3/build/control_trayectoria/build install --record /home/darhf/Manchester/challenge3/build/control_trayectoria/install.log --single-version-externally-managed install_data
