running egg_info
creating ../../build/control_trayectoria/control_trayectoria.egg-info
writing ../../build/control_trayectoria/control_trayectoria.egg-info/PKG-INFO
writing dependency_links to ../../build/control_trayectoria/control_trayectoria.egg-info/dependency_links.txt
writing entry points to ../../build/control_trayectoria/control_trayectoria.egg-info/entry_points.txt
writing requirements to ../../build/control_trayectoria/control_trayectoria.egg-info/requires.txt
writing top-level names to ../../build/control_trayectoria/control_trayectoria.egg-info/top_level.txt
writing manifest file '../../build/control_trayectoria/control_trayectoria.egg-info/SOURCES.txt'
reading manifest file '../../build/control_trayectoria/control_trayectoria.egg-info/SOURCES.txt'
writing manifest file '../../build/control_trayectoria/control_trayectoria.egg-info/SOURCES.txt'
running build
running build_py
creating /home/puzzlebot/challenge3/build/control_trayectoria/build
creating /home/puzzlebot/challenge3/build/control_trayectoria/build/lib
creating /home/puzzlebot/challenge3/build/control_trayectoria/build/lib/control_trayectoria
copying control_trayectoria/__init__.py -> /home/puzzlebot/challenge3/build/control_trayectoria/build/lib/control_trayectoria
running install
running install_lib
creating /home/puzzlebot/challenge3/install/control_trayectoria/lib/python3.8/site-packages/control_trayectoria
copying /home/puzzlebot/challenge3/build/control_trayectoria/build/lib/control_trayectoria/__init__.py -> /home/puzzlebot/challenge3/install/control_trayectoria/lib/python3.8/site-packages/control_trayectoria
byte-compiling /home/puzzlebot/challenge3/install/control_trayectoria/lib/python3.8/site-packages/control_trayectoria/__init__.py to __init__.cpython-38.pyc
running install_data
creating /home/puzzlebot/challenge3/install/control_trayectoria/share/ament_index
creating /home/puzzlebot/challenge3/install/control_trayectoria/share/ament_index/resource_index
creating /home/puzzlebot/challenge3/install/control_trayectoria/share/ament_index/resource_index/packages
copying resource/control_trayectoria -> /home/puzzlebot/challenge3/install/control_trayectoria/share/ament_index/resource_index/packages
copying package.xml -> /home/puzzlebot/challenge3/install/control_trayectoria/share/control_trayectoria
running install_egg_info
Copying ../../build/control_trayectoria/control_trayectoria.egg-info to /home/puzzlebot/challenge3/install/control_trayectoria/lib/python3.8/site-packages/control_trayectoria-0.0.0-py3.8.egg-info
running install_scripts
writing list of installed files to '/home/puzzlebot/challenge3/build/control_trayectoria/install.log'
