[5.322s] Invoking command in '/home/puzzlebot/challenge3/src/control_trayectoria': PYTHONPATH=/home/puzzlebot/challenge3/build/control_trayectoria/prefix_override:/home/puzzlebot/challenge3/install/control_trayectoria/lib/python3.8/site-packages:${PYTHONPATH} /usr/bin/python3 setup.py egg_info --egg-base ../../build/control_trayectoria build --build-base /home/puzzlebot/challenge3/build/control_trayectoria/build install --record /home/puzzlebot/challenge3/build/control_trayectoria/install.log --single-version-externally-managed
[6.319s] running egg_info
[6.322s] creating ../../build/control_trayectoria/control_trayectoria.egg-info
[6.322s] writing ../../build/control_trayectoria/control_trayectoria.egg-info/PKG-INFO
[6.323s] writing dependency_links to ../../build/control_trayectoria/control_trayectoria.egg-info/dependency_links.txt
[6.324s] writing entry points to ../../build/control_trayectoria/control_trayectoria.egg-info/entry_points.txt
[6.324s] writing requirements to ../../build/control_trayectoria/control_trayectoria.egg-info/requires.txt
[6.325s] writing top-level names to ../../build/control_trayectoria/control_trayectoria.egg-info/top_level.txt
[6.325s] writing manifest file '../../build/control_trayectoria/control_trayectoria.egg-info/SOURCES.txt'
[6.478s] reading manifest file '../../build/control_trayectoria/control_trayectoria.egg-info/SOURCES.txt'
[6.481s] writing manifest file '../../build/control_trayectoria/control_trayectoria.egg-info/SOURCES.txt'
[6.482s] running build
[6.482s] running build_py
[6.483s] creating /home/puzzlebot/challenge3/build/control_trayectoria/build
[6.483s] creating /home/puzzlebot/challenge3/build/control_trayectoria/build/lib
[6.484s] creating /home/puzzlebot/challenge3/build/control_trayectoria/build/lib/control_trayectoria
[6.484s] copying control_trayectoria/__init__.py -> /home/puzzlebot/challenge3/build/control_trayectoria/build/lib/control_trayectoria
[6.485s] running install
[6.486s] running install_lib
[6.490s] creating /home/puzzlebot/challenge3/install/control_trayectoria/lib/python3.8/site-packages/control_trayectoria
[6.490s] copying /home/puzzlebot/challenge3/build/control_trayectoria/build/lib/control_trayectoria/__init__.py -> /home/puzzlebot/challenge3/install/control_trayectoria/lib/python3.8/site-packages/control_trayectoria
[6.492s] byte-compiling /home/puzzlebot/challenge3/install/control_trayectoria/lib/python3.8/site-packages/control_trayectoria/__init__.py to __init__.cpython-38.pyc
[6.497s] running install_data
[6.499s] creating /home/puzzlebot/challenge3/install/control_trayectoria/share/ament_index
[6.499s] creating /home/puzzlebot/challenge3/install/control_trayectoria/share/ament_index/resource_index
[6.500s] creating /home/puzzlebot/challenge3/install/control_trayectoria/share/ament_index/resource_index/packages
[6.500s] copying resource/control_trayectoria -> /home/puzzlebot/challenge3/install/control_trayectoria/share/ament_index/resource_index/packages
[6.501s] copying package.xml -> /home/puzzlebot/challenge3/install/control_trayectoria/share/control_trayectoria
[6.501s] running install_egg_info
[6.508s] Copying ../../build/control_trayectoria/control_trayectoria.egg-info to /home/puzzlebot/challenge3/install/control_trayectoria/lib/python3.8/site-packages/control_trayectoria-0.0.0-py3.8.egg-info
[6.511s] running install_scripts
[6.574s] writing list of installed files to '/home/puzzlebot/challenge3/build/control_trayectoria/install.log'
[6.667s] Invoked command in '/home/puzzlebot/challenge3/src/control_trayectoria' returned '0': PYTHONPATH=/home/puzzlebot/challenge3/build/control_trayectoria/prefix_override:/home/puzzlebot/challenge3/install/control_trayectoria/lib/python3.8/site-packages:${PYTHONPATH} /usr/bin/python3 setup.py egg_info --egg-base ../../build/control_trayectoria build --build-base /home/puzzlebot/challenge3/build/control_trayectoria/build install --record /home/puzzlebot/challenge3/build/control_trayectoria/install.log --single-version-externally-managed
